 1 2 1118 Caspar (The Friendly Ghost)
 2 5 2718 Slongo The Unknown
 2 3 2618 Vlad Tepes
 2 2 3012 Bedwyr the Brave
 1 3 3112 Quasar
 2 1 5853 hammy
 1 8 3212 hammy
 2 5 5952 hammy
 1 3 3112 hammy
 1 5 3112 hammy
 2 3 5853 hammy
 2 2 5853 hammy
 2 2 5853 hammy
 1 5 3112 hammy
 2 3 5853 hammy
 1 7 3212 hammy
 2 2 5853 hammy
 2 3 5853 hammy
 1 5 3112 hammy
 2 1 5853 hammy
 2 2 5853 hammy
 2 3 5853 hammy
 2 2 5853 hammy
 2 2 5853 hammy
 2 2 5853 hammy
 2 2 5853 hammy
 2 2 5853 hammy
 2 2 5853 hammy
 1 1 3012 hammy
 2 3 5853 hammy
 2 2 5853 hammy
 2 2 5853 hammy
 2 3 5853 hammy
 1 3 3112 hammy
 1 1 3012 pcuser
 2 1 3813 
 2 1 3853 Thaddeus
 2 1 3853 Thaddeus
 1 1 3012 Thaddeus
 1 1 3012 Thaddeus
 1 1 3012 Thaddeus
 1 1 3012 Thaddeus
 1 1 3012 Thaddeus
 1 3 3112 Thaddeus
 1 4 3112 Thaddeus
 1 5 3112 Thaddeus
 1 5 3112 Thaddeus
 1 5 3112 Thaddeus
 2 5 3953 Thaddeus
 2 6 3953 Thaddeus
 2 6 3953 Thaddeus
 2 6 3953 Thaddeus
 2 6 3953 Thaddeus
 2 6 3953 Thaddeus
 2 6 3953 Thaddeus
 2 6 3953 Thaddeus
 2 6 3953 Thaddeus
 1 6 3212 Thaddeus
 2 6 3953 Thaddeus
 1 6 3212 Thaddeus
 1 6 3212 Thaddeus
 1 7 3212 Thaddeus
 1 7 3212 Thaddeus
 1 8 3212 Thaddeus
 2 8 3952 Thaddeus
 2 8 3952 Thaddeus
 2 8 3932 Thaddeus
 1 9 3312 Thaddeus
 2 9 3952 Thaddeus
 2 9 3952 Thaddeus
 2 9 3952 Thaddeus
 2 9 3952 Thaddeus
 2 9 3952 Thaddeus
 2 10 3912 
 2 10 3952 Thaddeus
 2 10 3952 Thaddeus
 2 10 3952 Thaddeus
 2 10 3952 Thaddeus
 2 10 3952 Thaddeus
 1 10 3312 Thaddeus
 2 10 3952 Thaddeus
 1 10 3312 Thaddeus
 2 10 3952 Thaddeus
 2 10 3952 Thaddeus
 2 10 3952 Thaddeus
 2 10 3952 Thaddeus
 1 10 3312 Thaddeus
 2 10 3952 Thaddeus
 1 11 3312 Thaddeus
 1 11 3312 Thaddeus
 2 11 3952 Thaddeus
 1 11 3312 Thaddeus
 2 11 3952 Thaddeus
 2 11 3952 Thaddeus
 1 11 3312 Thaddeus
 1 11 3312 Thaddeus
 2 11 3952 Thaddeus
 1 11 3312 Thaddeus
 1 11 3312 Thaddeus
 1 11 3312 Thaddeus
 2 11 3952 Thaddeus
 2 12 3952 Thaddeus
 2 13 3952 Thaddeus
 2 12 3952 Thaddeus
 2 13 3952 Thaddeus
 2 13 3952 Thaddeus
 2 13 3952 Thaddeus
 2 13 3952 Thaddeus
 2 13 3952 Thaddeus
 2 13 3952 Thaddeus
 1 13 3412 Thaddeus
 2 14 3952 Thaddeus
 1 14 3412 Thaddeus
 1 13 3412 Thaddeus
 1 13 3412 Thaddeus
 1 13 3412 Thaddeus
 2 14 3952 Thaddeus
 2 15 3952 Thaddeus
 2 15 3952 Thaddeus
 2 15 3952 Thaddeus
 2 15 3952 Thaddeus
 2 15 3952 Thaddeus
 2 15 3952 Thaddeus
 2 15 3952 Thaddeus
 1 16 3512 Thaddeus
 1 16 3512 Thaddeus
 1 20 3612 Thaddeus
 1 20 3612 Thaddeus
 1 24 3812 Thaddeus
 2 20 3952 Thaddeus
 1 24 3812 Thaddeus
 2 20 3952 Thaddeus
 2 11 3952 Thaddeus
 2 20 3952 Thaddeus
 1 2 3012 Thaddeus
 2 20 3952 Thaddeus
 2 21 3952 Thaddeus
 2 21 3952 Thaddeus
 1 25 3812 Thaddeus
 1 23 3712 Thaddeus
 1 21 3712 Thaddeus
 1 21 3712 Thaddeus
 2 23 3952 Thaddeus
 1 26 3812 Thaddeus
 2 23 3952 Thaddeus
 2 23 3952 Thaddeus
 1 23 3712 Thaddeus
 1 23 3712 Thaddeus
 2 23 3952 Thaddeus
 2 24 3952 Thaddeus
 2 24 3952 Thaddeus
 2 23 3952 Thaddeus
 1 23 3712 Thaddeus
 1 23 3712 Thaddeus
 2 23 3952 Thaddeus
 2 23 3952 Thaddeus
 1 23 3712 Thaddeus
 2 23 3952 Thaddeus
 4 23 3912 Thaddeus
 4 25 3952 Thaddeus
 4 26 3952 Thaddeus
 4 26 3952 Thaddeus
 3 26 3952 Thaddeus
 4 26 5912 Thaddeus
 1 2 3012 Trimble
 2 4 3913 Trimble
 1 5 3112 Trimble
 1 5 3112 Trimble
 2 5 3913 
 1 5 3112 Trimble
 1 5 3112 Trimble
 1 5 3112 Trimble
 2 5 3913 Trimble
 2 5 3913 Trimble
 2 5 3913 Trimble
 2 5 3913 Trimble
 1 4 3112 Trimble
 2 5 3913 Trimble
 1 5 3112 Trimble
 2 8 3912 Trimble
 2 8 3912 Trimble
 2 8 3912 Trimble
 2 8 3932 Trimble
 2 8 3912 Trimble
 2 8 3912 Trimble
 1 8 3212 Trimble
 2 8 3912 Trimble
 2 9 3913 Trimble
 1 9 3312 Trimble
 2 9 3913 Trimble
 2 9 3913 Trimble
 2 9 3912 Trimble
 2 9 3912 Trimble
 2 9 3913 Trimble
 2 9 3913 Trimble
 2 9 3913 Trimble
 2 9 3913 Trimble
 2 9 3913 Trimble
 1 9 3312 Trimble
 2 9 3912 Trimble
 2 9 3912 Trimble
 2 10 3912 Trimble
 2 9 3912 Trimble
 1 10 3312 Trimble
 2 10 3913 Trimble
 1 10 3312 Trimble
 2 10 3913 Trimble
 1 10 3312 Trimble
 2 10 3913 Trimble
 2 10 3913 Trimble
 2 10 3913 Trimble
 2 10 3913 Trimble
 2 10 3913 Trimble
 2 10 3933 Trimble
 2 10 3933 Trimble
 2 10 3913 Trimble
 1 10 3312 Trimble
 2 10 3913 Trimble
 2 10 3913 Trimble
 2 10 3913 Trimble
 2 10 3912 Trimble
 2 10 3913 Trimble
 2 10 3912 Trimble
 2 10 3912 Trimble
 2 10 3912 Trimble
 1 10 3312 Trimble
 2 10 3912 Trimble
 2 10 3913 Trimble
 2 10 3913 Trimble
 2 10 3913 Trimble
 2 10 3913 Trimble
 2 10 2933 Trimble
 2 10 3913 Trimble
 2 10 3913 Trimble
 2 10 3913 Trimble
 2 10 3913 Trimble
 2 10 3913 Trimble
 2 10 3913 Trimble
 2 10 3913 Trimble
 2 10 3913 Trimble
 2 10 3913 Trimble
 2 10 3913 Trimble
 2 10 3913 Trimble
 2 11 3933 Trimble
 2 11 3913 Trimble
 2 11 3913 Trimble
 2 11 3913 Trimble
 2 11 3913 Trimble
 2 11 3933 Trimble
 2 11 3913 Trimble
 2 11 3913 Trimble
 2 11 3913 Trimble
 2 11 3913 Trimble
 2 11 3913 Trimble
 2 11 3913 Trimble
 2 11 3913 Trimble
 2 11 3913 Trimble
 2 11 3913 Trimble
 2 11 1933 Trimble
 2 11 1933 Trimble
 2 11 3913 Trimble
 2 11 3913 Trimble
 2 11 3913 Trimble
 2 11 3912 Trimble
 2 11 3913 Trimble
 2 11 3913 Trimble
 2 11 3912 Trimble
 1 11 3312 Trimble
 2 11 3912 Trimble
 2 12 3912 Trimble
 2 12 3912 Trimble
 1 12 3412 Trimble
 2 12 3912 Trimble
 2 12 3913 Trimble
 2 12 3913 Trimble
 2 12 3913 Trimble
 2 12 3913 Trimble
 2 12 3913 Trimble
 2 12 3913 Trimble
 2 12 3913 Trimble
 2 12 3913 Trimble
 2 12 3913 Trimble
 2 12 3913 Trimble
 2 12 3913 Trimble
 2 12 3913 Trimble
 2 12 3933 Trimble
 2 12 3933 Trimble
 2 12 1933 Trimble
 2 12 3913 Trimble
 2 12 3913 Trimble
 2 12 3913 Trimble
 2 12 3913 Trimble
 2 12 3913 Trimble
 2 12 3913 Trimble
 2 12 3913 Trimble
 2 12 3913 Trimble
 2 12 3913 Trimble
 2 12 3913 Trimble
 2 12 3913 Trimble
 2 12 3913 Trimble
 2 12 3913 Trimble
 2 12 3913 Trimble
 2 12 3913 Trimble
 2 12 3913 Trimble
 2 12 3913 Trimble
 2 12 3913 Trimble
 2 12 3913 Trimble
 2 12 3913 Trimble
 2 12 3913 Trimble
 2 12 3913 Trimble
 2 12 3913 Trimble
 2 12 3913 Trimble
 2 12 3913 Trimble
 2 12 3913 Trimble
 2 12 3913 Trimble
 2 12 3913 Trimble
 2 12 3913 Trimble
 2 12 3913 Trimble
 2 12 3913 Trimble
 2 12 2913 Trimble
 2 12 3913 Trimble
 2 12 3913 Trimble
 2 12 3913 Trimble
 2 12 3913 Trimble
 2 12 3913 Trimble
 2 12 3913 Trimble
 2 12 3913 Trimble
 2 12 3913 Trimble
 2 12 3913 Trimble
 2 12 3913 Trimble
 2 12 3913 Trimble
 2 12 3913 Trimble
 2 12 3913 Trimble
 2 12 3913 Trimble
 2 12 3913 Trimble
 2 12 3913 Trimble
 2 12 3913 Trimble
 2 12 3913 Trimble
 2 12 3913 Trimble
 2 12 3913 Trimble
 1 12 3412 Trimble
 1 13 3412 Trimble
 2 13 3913 Trimble
 1 4 3112 Trimble
 1 5 3112 Trimble
 1 13 3412 Trimble
 1 13 3412 Trimble
 2 13 3913 Trimble
 2 13 3913 Trimble
 2 13 3913 Trimble
 2 13 3913 Trimble
 2 13 3913 Trimble
 1 13 3412 Trimble
 2 13 3913 Trimble
 2 13 3913 Trimble
 2 13 3913 Trimble
 2 13 3913 Trimble
 2 14 3913 Trimble
 2 15 3912 Trimble
 1 15 3512 Trimble
 1 15 3512 Trimble
 1 15 3512 Trimble
 1 15 3512 Trimble
 1 8 3212 Trimble
 1 8 3212 Trimble
 2 17 3913 Trimble
 2 17 3913 Trimble
 1 1 3012 Trimble
 2 17 3913 Trimble
 2 19 3913 Trimble
 2 19 3913 Trimble
 2 17 3913 Trimble
 2 20 3913 Trimble
 2 9 3913 Trimble
 1 5 3112 Trimble
 2 21 3911 Trimble
 2 21 3911 Trimble
 2 21 3911 Trimble
 2 21 3911 Trimble
 2 21 3911 Trimble
 1 12 3412 Trimble
 1 21 3712 Trimble
 1 11 3312 Trimble
 2 19 3911 Trimble
 2 22 3911 Trimble
 2 22 3913 Trimble
 2 6 3911 Trimble
 1 3 3112 Trimble
 2 21 3911 Trimble
 2 21 3911 Trimble
 2 21 3911 Trimble
 2 21 3911 Trimble
 2 21 3911 Trimble
 2 21 3911 Trimble
 2 21 3911 Trimble
 2 21 3911 Trimble
 2 21 3911 Trimble
 1 16 3512 Trimble
 1 22 3712 Trimble
 1 2 3012 Trimble
 1 13 3412 Trimble
 1 22 3712 Trimble
 1 22 3712 Trimble
 1 22 3712 Trimble
 2 23 1933 Trimble
 2 23 3913 Trimble
 2 23 3913 Trimble
 2 23 3913 Trimble
 2 23 3913 Trimble
 2 23 3913 Trimble
 2 23 3913 Trimble
 2 23 3913 Trimble
 2 23 3913 Trimble
 2 23 3913 Trimble
 2 23 3913 Trimble
 1 5 3112 Trimble
 2 23 3911 Trimble
 2 23 3911 Trimble
 1 5 3112 Trimble
 1 3 3112 Trimble
 1 20 3612 Trimble
 2 26 3912 Trimble
 1 27 3912 Trimble
 1 20 3612 Trimble
 2 29 3912 Trimble
 1 27 3912 Trimble
 2 27 3913 Trimble
 2 27 3913 Trimble
 2 27 3913 Trimble
 2 27 3913 Trimble
 2 27 3913 Trimble
 2 27 3913 Trimble
 2 27 3913 Trimble
 2 27 3913 Trimble
 2 27 3913 Trimble
 2 27 3913 Trimble
 2 27 3913 Trimble
 2 27 3913 Trimble
 2 27 3913 Trimble
 2 27 3913 Trimble
 2 27 3913 Trimble
 2 28 1933 Trimble
 2 31 3912 Trimble
 2 31 3912 Trimble
 2 31 3912 Trimble
 1 38 3912 Trimble
 2 37 3913 Trimble
 2 40 3913 Trimble
 1 138 3912 Trimble
 1 21 3712 Trimble
 2 40 3913 Trimble
 1 43 3912 Trimble
 4 99 3912 Trimble
 2 41 3912 Trimble
 1 104 3912 Trimble
 1 104 3912 Trimble
 4 104 3912 Trimble
 4 104 3912 Trimble
 4 104 3912 Trimble
 4 104 3912 Trimble
 4 104 3912 Trimble
 4 104 3912 Trimble
 4 104 3912 Trimble
 4 104 3912 Trimble
 4 104 3912 Trimble
 4 104 3912 Trimble
 4 104 3912 Trimble
 4 104 3912 Trimble
 4 104 3912 Trimble
 4 104 3912 Trimble
 4 104 3912 Trimble
 4 104 3912 Trimble
 4 104 3912 Trimble
 4 101 3912 Trimble
 4 106 3912 Trimble
 2 2 3913 Thaddeus
 2 2 3913 Thaddeus
 2 2 3913 Thaddeus
 2 2 3913 Thaddeus
 2 2 3913 Thaddeus
 2 2 3813 Thaddeus
 1 2 3012 Thaddeus
 1 2 3012 Thaddeus
 1 2 3012 Thaddeus
 1 2 3012 Thaddeus
 1 2 3012 Thaddeus
 1 2 3012 Thaddeus
 1 2 3012 Thaddeus
 2 4 3912 Thaddeus
 2 4 3912 Thaddeus
 2 4 3912 Thaddeus
 2 4 3912 Thaddeus
 1 5 3112 Thaddeus
 2 5 3912 Thaddeus
 2 5 3912 Thaddeus
 1 5 3112 Thaddeus
 1 5 3112 Thaddeus
 1 5 3112 Thaddeus
 1 5 3112 Thaddeus
 2 5 3912 Thaddeus
 1 5 3112 Thaddeus
 2 5 3912 Thaddeus
 1 5 3112 Thaddeus
 2 5 3912 Thaddeus
 2 5 3912 Thaddeus
 1 6 3212 Thaddeus
 2 5 3912 Thaddeus
 2 7 3912 Thaddeus
 2 8 3912 Thaddeus
 2 7 3912 Thaddeus
 2 7 3912 Thaddeus
 2 7 3932 Thaddeus
 2 7 3912 Thaddeus
 2 7 3912 Thaddeus
 2 7 3912 Thaddeus
 1 8 3212 Thaddeus
 1 3 3112 Thaddeus
 1 8 3212 Thaddeus
 1 8 3212 Thaddeus
 2 8 3912 Thaddeus
 2 6 3912 Thaddeus
 1 8 3212 Thaddeus
 2 8 3912 Thaddeus
 2 8 3912 Thaddeus
 2 8 3912 Thaddeus
 2 8 3912 Thaddeus
 1 106 3912 Trimble
 1 106 3912 Trimble
 4 106 3912 Trimble
 4 106 3913 Trimble
 2 8 3912 Thaddeus
 4 106 3912 Trimble
 4 106 3912 Trimble
